#
# A fatal error has been detected by the Java Runtime Environment:
#
#  EXCEPTION_ACCESS_VIOLATION (0xc0000005) at pc=0x00007ff9278c4bca, pid=5856, tid=9440
#
# JRE version: Java(TM) SE Runtime Environment (11.0.6+8) (build 11.0.6+8-LTS)
# Java VM: Java HotSpot(TM) 64-Bit Server VM (11.0.6+8-LTS, mixed mode, tiered, compressed oops, g1 gc, windows-amd64)
# Problematic frame:
# V  [jvm.dll+0x704bca]
#
# No core dump will be written. Minidumps are not enabled by default on client versions of Windows
#
# If you would like to submit a bug report, please visit:
#   http://bugreport.java.com/bugreport/crash.jsp
#

---------------  S U M M A R Y ------------

Command Line: -agentlib:jdwp=transport=dt_socket,suspend=y,address=localhost:53097 -ea -javaagent:C:\spring-tool-suite-3.9.11.RELEASE-e4.14.0-win32-x86_64\sts-bundle\sts-3.9.11.RELEASE\configuration\org.eclipse.osgi\308\0\.cp\lib\javaagent-shaded.jar -Dfile.encoding=UTF-8 org.eclipse.jdt.internal.junit.runner.RemoteTestRunner -version 3 -port 53094 -testLoaderClass org.eclipse.jdt.internal.junit5.runner.JUnit5TestLoader -loaderpluginname org.eclipse.jdt.junit5.runtime -test br.com.b2w.apistarwars.service.PlanetaServiceTest:testa_Insere

Host: Intel(R) Core(TM) i3-9100F CPU @ 3.60GHz, 4 cores, 7G,  Windows 10 , 64 bit Build 18362 (10.0.18362.329)
Time: Tue Feb 11 01:03:37 2020 Hora oficial do Brasil elapsed time: 45 seconds (0d 0h 0m 45s)

---------------  T H R E A D  ---------------

Current thread (0x000002a687346800):  JavaThread "main" [_thread_in_vm, id=9440, stack(0x000000f347900000,0x000000f347a00000)]

Stack: [0x000000f347900000,0x000000f347a00000],  sp=0x000000f3479fbf30,  free space=1007k
Native frames: (J=compiled Java code, j=interpreted, Vv=VM code, C=native code)
V  [jvm.dll+0x704bca]
V  [jvm.dll+0x533f0e]
V  [jvm.dll+0x5343a8]
V  [jvm.dll+0x38aa7a]
V  [jvm.dll+0x38a576]
C  0x000002a68f6e9754

Java frames: (J=compiled Java code, j=interpreted, Vv=VM code)
j  br.com.b2w.apistarwars.service.PlanetaServiceTest.testa_Insere()V+38
v  ~StubRoutines::call_stub
J 2048  jdk.internal.reflect.NativeMethodAccessorImpl.invoke0(Ljava/lang/reflect/Method;Ljava/lang/Object;[Ljava/lang/Object;)Ljava/lang/Object; java.base@11.0.6 (0 bytes) @ 0x000002a6972908bf [0x000002a697290840+0x000000000000007f]
J 2047 c1 jdk.internal.reflect.NativeMethodAccessorImpl.invoke(Ljava/lang/Object;[Ljava/lang/Object;)Ljava/lang/Object; java.base@11.0.6 (104 bytes) @ 0x000002a6900cd954 [0x000002a6900ccd40+0x0000000000000c14]
J 1876 c1 jdk.internal.reflect.DelegatingMethodAccessorImpl.invoke(Ljava/lang/Object;[Ljava/lang/Object;)Ljava/lang/Object; java.base@11.0.6 (10 bytes) @ 0x000002a69007c27c [0x000002a69007c160+0x000000000000011c]
J 2062 c1 java.lang.reflect.Method.invoke(Ljava/lang/Object;[Ljava/lang/Object;)Ljava/lang/Object; java.base@11.0.6 (65 bytes) @ 0x000002a6900d2bec [0x000002a6900d28a0+0x000000000000034c]
j  org.junit.platform.commons.util.ReflectionUtils.invokeMethod(Ljava/lang/reflect/Method;Ljava/lang/Object;[Ljava/lang/Object;)Ljava/lang/Object;+42
j  org.junit.jupiter.engine.execution.MethodInvocation.proceed()Ljava/lang/Object;+16
j  org.junit.jupiter.engine.execution.InvocationInterceptorChain$ValidatingInvocation.proceed()Ljava/lang/Object;+22
j  org.junit.jupiter.engine.extension.TimeoutExtension.intercept(Lorg/junit/jupiter/api/extension/InvocationInterceptor$Invocation;Lorg/junit/jupiter/api/extension/ReflectiveInvocationContext;Lorg/junit/jupiter/api/extension/ExtensionContext;Lorg/junit/jupiter/engine/extension/TimeoutDuration;Lorg/junit/jupiter/engine/extension/TimeoutExtension$TimeoutProvider;)Ljava/lang/Object;+28
j  org.junit.jupiter.engine.extension.TimeoutExtension.interceptTestableMethod(Lorg/junit/jupiter/api/extension/InvocationInterceptor$Invocation;Lorg/junit/jupiter/api/extension/ReflectiveInvocationContext;Lorg/junit/jupiter/api/extension/ExtensionContext;Lorg/junit/jupiter/engine/extension/TimeoutExtension$TimeoutProvider;)Ljava/lang/Object;+31
j  org.junit.jupiter.engine.extension.TimeoutExtension.interceptTestMethod(Lorg/junit/jupiter/api/extension/InvocationInterceptor$Invocation;Lorg/junit/jupiter/api/extension/ReflectiveInvocationContext;Lorg/junit/jupiter/api/extension/ExtensionContext;)V+9
j  org.junit.jupiter.engine.descriptor.TestMethodTestDescriptor$$Lambda$131.apply(Lorg/junit/jupiter/api/extension/InvocationInterceptor;Lorg/junit/jupiter/api/extension/InvocationInterceptor$Invocation;Lorg/junit/jupiter/api/extension/ReflectiveInvocationContext;Lorg/junit/jupiter/api/extension/ExtensionContext;)V+5
j  org.junit.jupiter.engine.execution.ExecutableInvoker$ReflectiveInterceptorCall.lambda$ofVoidMethod$0(Lorg/junit/jupiter/engine/execution/ExecutableInvoker$ReflectiveInterceptorCall$VoidMethodInterceptorCall;Lorg/junit/jupiter/api/extension/InvocationInterceptor;Lorg/junit/jupiter/api/extension/InvocationInterceptor$Invocation;Lorg/junit/jupiter/api/extension/ReflectiveInvocationContext;Lorg/junit/jupiter/api/extension/ExtensionContext;)Ljava/lang/Void;+6
j  org.junit.jupiter.engine.execution.ExecutableInvoker$ReflectiveInterceptorCall$$Lambda$132.apply(Lorg/junit/jupiter/api/extension/InvocationInterceptor;Lorg/junit/jupiter/api/extension/InvocationInterceptor$Invocation;Lorg/junit/jupiter/api/extension/ReflectiveInvocationContext;Lorg/junit/jupiter/api/extension/ExtensionContext;)Ljava/lang/Object;+9
j  org.junit.jupiter.engine.execution.ExecutableInvoker.lambda$invoke$0(Lorg/junit/jupiter/engine/execution/ExecutableInvoker$ReflectiveInterceptorCall;Lorg/junit/jupiter/api/extension/ReflectiveInvocationContext;Lorg/junit/jupiter/api/extension/ExtensionContext;Lorg/junit/jupiter/api/extension/InvocationInterceptor;Lorg/junit/jupiter/api/extension/InvocationInterceptor$Invocation;)Ljava/lang/Object;+6
j  org.junit.jupiter.engine.execution.ExecutableInvoker$$Lambda$335.apply(Lorg/junit/jupiter/api/extension/InvocationInterceptor;Lorg/junit/jupiter/api/extension/InvocationInterceptor$Invocation;)Ljava/lang/Object;+14
j  org.junit.jupiter.engine.execution.InvocationInterceptorChain$InterceptedInvocation.proceed()Ljava/lang/Object;+12
j  org.junit.jupiter.engine.execution.InvocationInterceptorChain.proceed(Lorg/junit/jupiter/api/extension/InvocationInterceptor$Invocation;)Ljava/lang/Object;+1
j  org.junit.jupiter.engine.execution.InvocationInterceptorChain.chainAndInvoke(Lorg/junit/jupiter/api/extension/InvocationInterceptor$Invocation;Lorg/junit/jupiter/engine/execution/InvocationInterceptorChain$InterceptorCall;Ljava/util/List;)Ljava/lang/Object;+24
j  org.junit.jupiter.engine.execution.InvocationInterceptorChain.invoke(Lorg/junit/jupiter/api/extension/InvocationInterceptor$Invocation;Lorg/junit/jupiter/engine/extension/ExtensionRegistry;Lorg/junit/jupiter/engine/execution/InvocationInterceptorChain$InterceptorCall;)Ljava/lang/Object;+31
j  org.junit.jupiter.engine.execution.ExecutableInvoker.invoke(Lorg/junit/jupiter/api/extension/InvocationInterceptor$Invocation;Lorg/junit/jupiter/api/extension/ReflectiveInvocationContext;Lorg/junit/jupiter/api/extension/ExtensionContext;Lorg/junit/jupiter/engine/extension/ExtensionRegistry;Lorg/junit/jupiter/engine/execution/ExecutableInvoker$ReflectiveInterceptorCall;)Ljava/lang/Object;+15
j  org.junit.jupiter.engine.execution.ExecutableInvoker.invoke(Ljava/lang/reflect/Method;Ljava/lang/Object;Lorg/junit/jupiter/api/extension/ExtensionContext;Lorg/junit/jupiter/engine/extension/ExtensionRegistry;Lorg/junit/jupiter/engine/execution/ExecutableInvoker$ReflectiveInterceptorCall;)Ljava/lang/Object;+56
j  org.junit.jupiter.engine.descriptor.TestMethodTestDescriptor.lambda$invokeTestMethod$6(Lorg/junit/jupiter/api/extension/ExtensionContext;Lorg/junit/jupiter/engine/execution/JupiterEngineExecutionContext;)V+28
j  org.junit.jupiter.engine.descriptor.TestMethodTestDescriptor$$Lambda$1094.execute()V+12
j  org.junit.platform.engine.support.hierarchical.ThrowableCollector.execute(Lorg/junit/platform/engine/support/hierarchical/ThrowableCollector$Executable;)V+1
j  org.junit.jupiter.engine.descriptor.TestMethodTestDescriptor.invokeTestMethod(Lorg/junit/jupiter/engine/execution/JupiterEngineExecutionContext;Lorg/junit/platform/engine/support/hierarchical/Node$DynamicTestExecutor;)V+21
j  org.junit.jupiter.engine.descriptor.TestMethodTestDescriptor.execute(Lorg/junit/jupiter/engine/execution/JupiterEngineExecutionContext;Lorg/junit/platform/engine/support/hierarchical/Node$DynamicTestExecutor;)Lorg/junit/jupiter/engine/execution/JupiterEngineExecutionContext;+44
j  org.junit.jupiter.engine.descriptor.TestMethodTestDescriptor.execute(Lorg/junit/platform/engine/support/hierarchical/EngineExecutionContext;Lorg/junit/platform/engine/support/hierarchical/Node$DynamicTestExecutor;)Lorg/junit/platform/engine/support/hierarchical/EngineExecutionContext;+6
j  org.junit.platform.engine.support.hierarchical.NodeTestTask.lambda$executeRecursively$5()V+79
j  org.junit.platform.engine.support.hierarchical.NodeTestTask$$Lambda$203.execute()V+4
j  org.junit.platform.engine.support.hierarchical.ThrowableCollector.execute(Lorg/junit/platform/engine/support/hierarchical/ThrowableCollector$Executable;)V+1
j  org.junit.platform.engine.support.hierarchical.NodeTestTask.lambda$executeRecursively$7(Lorg/junit/platform/engine/support/hierarchical/EngineExecutionContext;)V+15
j  org.junit.platform.engine.support.hierarchical.NodeTestTask$$Lambda$202.invoke(Lorg/junit/platform/engine/support/hierarchical/EngineExecutionContext;)V+5
j  org.junit.platform.engine.support.hierarchical.Node.around(Lorg/junit/platform/engine/support/hierarchical/EngineExecutionContext;Lorg/junit/platform/engine/support/hierarchical/Node$Invocation;)V+2
j  org.junit.platform.engine.support.hierarchical.NodeTestTask.lambda$executeRecursively$8()V+14
j  org.junit.platform.engine.support.hierarchical.NodeTestTask$$Lambda$201.execute()V+4
j  org.junit.platform.engine.support.hierarchical.ThrowableCollector.execute(Lorg/junit/platform/engine/support/hierarchical/ThrowableCollector$Executable;)V+1
j  org.junit.platform.engine.support.hierarchical.NodeTestTask.executeRecursively()V+31
j  org.junit.platform.engine.support.hierarchical.NodeTestTask.execute()V+55
j  org.junit.platform.engine.support.hierarchical.SameThreadHierarchicalTestExecutorService$$Lambda$207.accept(Ljava/lang/Object;)V+4
j  java.util.ArrayList.forEach(Ljava/util/function/Consumer;)V+46 java.base@11.0.6
j  org.junit.platform.engine.support.hierarchical.SameThreadHierarchicalTestExecutorService.invokeAll(Ljava/util/List;)V+6
j  org.junit.platform.engine.support.hierarchical.NodeTestTask.lambda$executeRecursively$5()V+116
j  org.junit.platform.engine.support.hierarchical.NodeTestTask$$Lambda$203.execute()V+4
j  org.junit.platform.engine.support.hierarchical.ThrowableCollector.execute(Lorg/junit/platform/engine/support/hierarchical/ThrowableCollector$Executable;)V+1
j  org.junit.platform.engine.support.hierarchical.NodeTestTask.lambda$executeRecursively$7(Lorg/junit/platform/engine/support/hierarchical/EngineExecutionContext;)V+15
j  org.junit.platform.engine.support.hierarchical.NodeTestTask$$Lambda$202.invoke(Lorg/junit/platform/engine/support/hierarchical/EngineExecutionContext;)V+5
j  org.junit.platform.engine.support.hierarchical.Node.around(Lorg/junit/platform/engine/support/hierarchical/EngineExecutionContext;Lorg/junit/platform/engine/support/hierarchical/Node$Invocation;)V+2
j  org.junit.platform.engine.support.hierarchical.NodeTestTask.lambda$executeRecursively$8()V+14
j  org.junit.platform.engine.support.hierarchical.NodeTestTask$$Lambda$201.execute()V+4
j  org.junit.platform.engine.support.hierarchical.ThrowableCollector.execute(Lorg/junit/platform/engine/support/hierarchical/ThrowableCollector$Executable;)V+1
j  org.junit.platform.engine.support.hierarchical.NodeTestTask.executeRecursively()V+31
j  org.junit.platform.engine.support.hierarchical.NodeTestTask.execute()V+55
j  org.junit.platform.engine.support.hierarchical.SameThreadHierarchicalTestExecutorService$$Lambda$207.accept(Ljava/lang/Object;)V+4
j  java.util.ArrayList.forEach(Ljava/util/function/Consumer;)V+46 java.base@11.0.6
j  org.junit.platform.engine.support.hierarchical.SameThreadHierarchicalTestExecutorService.invokeAll(Ljava/util/List;)V+6
j  org.junit.platform.engine.support.hierarchical.NodeTestTask.lambda$executeRecursively$5()V+116
j  org.junit.platform.engine.support.hierarchical.NodeTestTask$$Lambda$203.execute()V+4
j  org.junit.platform.engine.support.hierarchical.ThrowableCollector.execute(Lorg/junit/platform/engine/support/hierarchical/ThrowableCollector$Executable;)V+1
j  org.junit.platform.engine.support.hierarchical.NodeTestTask.lambda$executeRecursively$7(Lorg/junit/platform/engine/support/hierarchical/EngineExecutionContext;)V+15
j  org.junit.platform.engine.support.hierarchical.NodeTestTask$$Lambda$202.invoke(Lorg/junit/platform/engine/support/hierarchical/EngineExecutionContext;)V+5
j  org.junit.platform.engine.support.hierarchical.Node.around(Lorg/junit/platform/engine/support/hierarchical/EngineExecutionContext;Lorg/junit/platform/engine/support/hierarchical/Node$Invocation;)V+2
j  org.junit.platform.engine.support.hierarchical.NodeTestTask.lambda$executeRecursively$8()V+14
j  org.junit.platform.engine.support.hierarchical.NodeTestTask$$Lambda$201.execute()V+4
j  org.junit.platform.engine.support.hierarchical.ThrowableCollector.execute(Lorg/junit/platform/engine/support/hierarchical/ThrowableCollector$Executable;)V+1
j  org.junit.platform.engine.support.hierarchical.NodeTestTask.executeRecursively()V+31
j  org.junit.platform.engine.support.hierarchical.NodeTestTask.execute()V+55
j  org.junit.platform.engine.support.hierarchical.SameThreadHierarchicalTestExecutorService.submit(Lorg/junit/platform/engine/support/hierarchical/HierarchicalTestExecutorService$TestTask;)Ljava/util/concurrent/Future;+1
j  org.junit.platform.engine.support.hierarchical.HierarchicalTestExecutor.execute()Ljava/util/concurrent/Future;+74
j  org.junit.platform.engine.support.hierarchical.HierarchicalTestEngine.execute(Lorg/junit/platform/engine/ExecutionRequest;)V+31
j  org.junit.platform.launcher.core.DefaultLauncher.execute(Lorg/junit/platform/engine/TestEngine;Lorg/junit/platform/engine/ExecutionRequest;)V+2
j  org.junit.platform.launcher.core.DefaultLauncher.lambda$execute$6(Lorg/junit/platform/launcher/core/InternalTestPlan;Lorg/junit/platform/launcher/core/Root;Lorg/junit/platform/engine/ConfigurationParameters;Lorg/junit/platform/launcher/TestExecutionListener;)V+76
j  org.junit.platform.launcher.core.DefaultLauncher$$Lambda$171.accept(Ljava/lang/Object;)V+20
j  org.junit.platform.launcher.core.DefaultLauncher.withInterceptedStreams(Lorg/junit/platform/engine/ConfigurationParameters;Lorg/junit/platform/launcher/core/TestExecutionListenerRegistry;Ljava/util/function/Consumer;)V+43
j  org.junit.platform.launcher.core.DefaultLauncher.execute(Lorg/junit/platform/launcher/core/InternalTestPlan;[Lorg/junit/platform/launcher/TestExecutionListener;)V+33
j  org.junit.platform.launcher.core.DefaultLauncher.execute(Lorg/junit/platform/launcher/TestPlan;[Lorg/junit/platform/launcher/TestExecutionListener;)V+36
j  org.eclipse.jdt.internal.junit5.runner.JUnit5TestReference.run(Lorg/eclipse/jdt/internal/junit/runner/TestExecution;)V+30
j  org.eclipse.jdt.internal.junit.runner.TestExecution.run([Lorg/eclipse/jdt/internal/junit/runner/ITestReference;)V+17
j  org.eclipse.jdt.internal.junit.runner.RemoteTestRunner.runTests([Ljava/lang/String;Ljava/lang/String;Lorg/eclipse/jdt/internal/junit/runner/TestExecution;)V+62
j  org.eclipse.jdt.internal.junit.runner.RemoteTestRunner.runTests(Lorg/eclipse/jdt/internal/junit/runner/TestExecution;)V+10
j  org.eclipse.jdt.internal.junit.runner.RemoteTestRunner.run()V+70
j  org.eclipse.jdt.internal.junit.runner.RemoteTestRunner.main([Ljava/lang/String;)V+14
v  ~StubRoutines::call_stub

siginfo: EXCEPTION_ACCESS_VIOLATION (0xc0000005), reading address 0x0000000000000000


Register to memory mapping:

RIP=0x00007ff9278c4bca jvm.dll
RAX=0x0 is NULL
RBX=0x000002a6a55fde78 points into unknown readable memory: 1a 00 ff ff ad 71 6a 61
RCX=0x0 is NULL
RDX=0x0 is NULL
RSP=0x000000f3479fbf30 is pointing into the stack for thread: 0x000002a687346800
RBP=0x0 is NULL
RSI=0x000002a687347300 points into unknown readable memory: 00 00 00 00 00 00 00 00
RDI=0x000002a687340110 points into unknown readable memory: 02 00 00 00 00 00 00 00
R8 =0x0 is NULL
R9 =0x000000f3479fc240 is pointing into the stack for thread: 0x000002a687346800
R10=0x000002a687330cb0 points into unknown readable memory: 06 00 00 00 f0 00 00 00
R11=0x000000f3479fbed0 is pointing into the stack for thread: 0x000002a687346800
R12=0x000002a6873476e8 points into unknown readable memory: fb 12 3b 81 de ae 04 08
R13=0x00000000000003d8 is an unknown value
R14=0x000002a687346800 is a thread
R15=0x000002a687347310 points into unknown readable memory: 6c 83 ff a9 a6 02 00 00


Registers:
RAX=0x0000000000000000, RBX=0x000002a6a55fde78, RCX=0x0000000000000000, RDX=0x0000000000000000
RSP=0x000000f3479fbf30, RBP=0x0000000000000000, RSI=0x000002a687347300, RDI=0x000002a687340110
R8 =0x0000000000000000, R9 =0x000000f3479fc240, R10=0x000002a687330cb0, R11=0x000000f3479fbed0
R12=0x000002a6873476e8, R13=0x00000000000003d8, R14=0x000002a687346800, R15=0x000002a687347310
RIP=0x00007ff9278c4bca, EFLAGS=0x0000000000010206

Top of Stack: (sp=0x000000f3479fbf30)
0x000000f3479fbf30:   00000001000f1d20 0000000000000000
0x000000f3479fbf40:   0000000000000000 0000000000000000
0x000000f3479fbf50:   000002a687340110 00007ff9276f3f0e
0x000000f3479fbf60:   000002a6a55fde78 0000000000000000
0x000000f3479fbf70:   000002a6a70ec1be 0000000000000000
0x000000f3479fbf80:   000002a6b0a60700 0000000000000001
0x000000f3479fbf90:   000002a687346800 0000000000000002
0x000000f3479fbfa0:   0000000000140100 00007ff927417fbf
0x000000f3479fbfb0:   000002a6000000b4 00007ff927517285
0x000000f3479fbfc0:   0000000000000001 000002a6b0a605b8
0x000000f3479fbfd0:   000002a6b0a605b8 0000000000000000
0x000000f3479fbfe0:   0000000000000000 00007ff9276f2081
0x000000f3479fbff0:   000002a6b0a607da 00000000000000b5
0x000000f3479fc000:   0000000000000000 000002a6b0a60700
0x000000f3479fc010:   0000000000000001 000000f3479fc100
0x000000f3479fc020:   000000f3479fc169 00007ff9276f43b2 

Instructions: (pc=0x00007ff9278c4bca)
0x00007ff9278c4baa:   40 01 48 83 ea 01 75 ee 43 c6 04 10 00 49 8b c2
0x00007ff9278c4bba:   c3 cc cc cc cc cc 48 89 5c 24 08 57 48 83 ec 20
0x00007ff9278c4bca:   0f b7 19 48 8b f9 33 d2 48 8d 4b 01 e8 a5 05 f9
0x00007ff9278c4bda:   ff 44 0f b7 07 8d 53 01 41 3b d0 4c 8b c8 44 0f 


Stack slot to memory mapping:
stack at sp + 0 slots: 0x00000001000f1d20 is a pointer to class: 
br.com.b2w.apistarwars.service.PlanetaServiceTest {0x00000001000f1d28}
stack at sp + 1 slots: 0x0 is NULL
stack at sp + 2 slots: 0x0 is NULL
stack at sp + 3 slots: 0x0 is NULL
stack at sp + 4 slots: 0x000002a687340110 points into unknown readable memory: 02 00 00 00 00 00 00 00
stack at sp + 5 slots: 0x00007ff9276f3f0e jvm.dll
stack at sp + 6 slots: 0x000002a6a55fde78 points into unknown readable memory: 1a 00 ff ff ad 71 6a 61
stack at sp + 7 slots: 0x0 is NULL


---------------  P R O C E S S  ---------------

Threads class SMR info:
_java_thread_list=0x000002a6aba99340, length=32, elements={
0x000002a687346800, 0x000002a6a5745000, 0x000002a6a5750000, 0x000002a6a60c2800,
0x000002a6a60c3800, 0x000002a6a5762000, 0x000002a6a576b000, 0x000002a6a576d800,
0x000002a6a56da000, 0x000002a6a633a800, 0x000002a6a633b800, 0x000002a6a6448000,
0x000002a6a6cdb000, 0x000002a6a69a5800, 0x000002a6a7a7b000, 0x000002a6aa7c9000,
0x000002a6aa0cb000, 0x000002a6ac65c000, 0x000002a6a79c3800, 0x000002a6ac688800,
0x000002a6a7ef3800, 0x000002a6adf45000, 0x000002a6af4c7800, 0x000002a6ac6a0800,
0x000002a6ac6a2800, 0x000002a6ac6a2000, 0x000002a6ac6a3800, 0x000002a6ac6a4800,
0x000002a6ac6a5000, 0x000002a6ac6a6000, 0x000002a6ac6a7000, 0x000002a6ac6a1000
}

Java Threads: ( => current thread )
=>0x000002a687346800 JavaThread "main" [_thread_in_vm, id=9440, stack(0x000000f347900000,0x000000f347a00000)]
  0x000002a6a5745000 JavaThread "Reference Handler" daemon [_thread_blocked, id=6304, stack(0x000000f348000000,0x000000f348100000)]
  0x000002a6a5750000 JavaThread "Finalizer" daemon [_thread_blocked, id=9952, stack(0x000000f348100000,0x000000f348200000)]
  0x000002a6a60c2800 JavaThread "Signal Dispatcher" daemon [_thread_blocked, id=11024, stack(0x000000f348300000,0x000000f348400000)]
  0x000002a6a60c3800 JavaThread "Attach Listener" daemon [_thread_blocked, id=3812, stack(0x000000f348400000,0x000000f348500000)]
  0x000002a6a5762000 JavaThread "C2 CompilerThread0" daemon [_thread_blocked, id=1800, stack(0x000000f348500000,0x000000f348600000)]
  0x000002a6a576b000 JavaThread "C1 CompilerThread0" daemon [_thread_blocked, id=6572, stack(0x000000f348600000,0x000000f348700000)]
  0x000002a6a576d800 JavaThread "Sweeper thread" daemon [_thread_blocked, id=6604, stack(0x000000f348700000,0x000000f348800000)]
  0x000002a6a56da000 JavaThread "Common-Cleaner" daemon [_thread_blocked, id=15548, stack(0x000000f348800000,0x000000f348900000)]
  0x000002a6a633a800 JavaThread "JDWP Transport Listener: dt_socket" daemon [_thread_blocked, id=6360, stack(0x000000f348a00000,0x000000f348b00000)]
  0x000002a6a633b800 JavaThread "JDWP Event Helper Thread" daemon [_thread_blocked, id=18412, stack(0x000000f348b00000,0x000000f348c00000)]
  0x000002a6a6448000 JavaThread "JDWP Command Reader" daemon [_thread_in_native, id=19036, stack(0x000000f348c00000,0x000000f348d00000)]
  0x000002a6a6cdb000 JavaThread "Service Thread" daemon [_thread_blocked, id=18808, stack(0x000000f348d00000,0x000000f348e00000)]
  0x000002a6a69a5800 JavaThread "ReaderThread" [_thread_in_native, id=4564, stack(0x000000f349100000,0x000000f349200000)]
  0x000002a6a7a7b000 JavaThread "Catalina-utility-1" [_thread_blocked, id=7028, stack(0x000000f349300000,0x000000f349400000)]
  0x000002a6aa7c9000 JavaThread "Catalina-utility-2" [_thread_blocked, id=1256, stack(0x000000f349400000,0x000000f349500000)]
  0x000002a6aa0cb000 JavaThread "container-0" [_thread_blocked, id=17772, stack(0x000000f349500000,0x000000f349600000)]
  0x000002a6ac65c000 JavaThread "cluster-ClusterId{value='5e42277170cbd07e4dfe7fa9', description='null'}-localhost:27017" daemon [_thread_blocked, id=12304, stack(0x000000f349600000,0x000000f349700000)]
  0x000002a6a79c3800 JavaThread "CleanCursors-1-thread-1" daemon [_thread_blocked, id=768, stack(0x000000f349700000,0x000000f349800000)]
  0x000002a6ac688800 JavaThread "http-nio-auto-1-BlockPoller" daemon [_thread_in_native, id=19436, stack(0x000000f349900000,0x000000f349a00000)]
  0x000002a6a7ef3800 JavaThread "http-nio-auto-1-exec-1" daemon [_thread_blocked, id=6772, stack(0x000000f349a00000,0x000000f349b00000)]
  0x000002a6adf45000 JavaThread "http-nio-auto-1-exec-2" daemon [_thread_blocked, id=9424, stack(0x000000f349b00000,0x000000f349c00000)]
  0x000002a6af4c7800 JavaThread "http-nio-auto-1-exec-3" daemon [_thread_blocked, id=8496, stack(0x000000f349c00000,0x000000f349d00000)]
  0x000002a6ac6a0800 JavaThread "http-nio-auto-1-exec-4" daemon [_thread_blocked, id=17148, stack(0x000000f349d00000,0x000000f349e00000)]
  0x000002a6ac6a2800 JavaThread "http-nio-auto-1-exec-5" daemon [_thread_blocked, id=12048, stack(0x000000f349e00000,0x000000f349f00000)]
  0x000002a6ac6a2000 JavaThread "http-nio-auto-1-exec-6" daemon [_thread_blocked, id=5172, stack(0x000000f349f00000,0x000000f34a000000)]
  0x000002a6ac6a3800 JavaThread "http-nio-auto-1-exec-7" daemon [_thread_blocked, id=17756, stack(0x000000f34a000000,0x000000f34a100000)]
  0x000002a6ac6a4800 JavaThread "http-nio-auto-1-exec-8" daemon [_thread_blocked, id=17236, stack(0x000000f34a100000,0x000000f34a200000)]
  0x000002a6ac6a5000 JavaThread "http-nio-auto-1-exec-9" daemon [_thread_blocked, id=4492, stack(0x000000f34a200000,0x000000f34a300000)]
  0x000002a6ac6a6000 JavaThread "http-nio-auto-1-exec-10" daemon [_thread_blocked, id=4020, stack(0x000000f34a300000,0x000000f34a400000)]
  0x000002a6ac6a7000 JavaThread "http-nio-auto-1-ClientPoller" daemon [_thread_in_native, id=5124, stack(0x000000f34a400000,0x000000f34a500000)]
  0x000002a6ac6a1000 JavaThread "http-nio-auto-1-Acceptor" daemon [_thread_in_native, id=4612, stack(0x000000f34a500000,0x000000f34a600000)]

Other Threads:
  0x000002a6a571d000 VMThread "VM Thread" [stack: 0x000000f347f00000,0x000000f348000000] [id=10904]
  0x000002a6a6bf6800 WatcherThread [stack: 0x000000f348e00000,0x000000f348f00000] [id=15276]
  0x000002a68735d800 GCTaskThread "GC Thread#0" [stack: 0x000000f347a00000,0x000000f347b00000] [id=11440]
  0x000002a6a6d0c800 GCTaskThread "GC Thread#1" [stack: 0x000000f348f00000,0x000000f349000000] [id=8348]
  0x000002a6a7235000 GCTaskThread "GC Thread#2" [stack: 0x000000f349000000,0x000000f349100000] [id=9652]
  0x000002a6a739e000 GCTaskThread "GC Thread#3" [stack: 0x000000f349200000,0x000000f349300000] [id=12932]
  0x000002a68738e000 ConcurrentGCThread "G1 Main Marker" [stack: 0x000000f347b00000,0x000000f347c00000] [id=7672]
  0x000002a687390800 ConcurrentGCThread "G1 Conc#0" [stack: 0x000000f347c00000,0x000000f347d00000] [id=3768]
  0x000002a68740d800 ConcurrentGCThread "G1 Refine#0" [stack: 0x000000f347d00000,0x000000f347e00000] [id=16812]
  0x000002a6a5588800 ConcurrentGCThread "G1 Young RemSet Sampling" [stack: 0x000000f347e00000,0x000000f347f00000] [id=17908]

Threads with active compile tasks:

VM state:synchronizing (normal execution)

VM Mutex/Monitor currently owned by a thread:  ([mutex/lock_event])
[0x000002a687345560] Threads_lock - owner thread: 0x000002a6a571d000

Heap address: 0x0000000081000000, size: 2032 MB, Compressed Oops mode: 32-bit
Narrow klass base: 0x0000000000000000, Narrow klass shift: 3
Compressed class space size: 1073741824 Address: 0x0000000100000000

Heap:
 garbage-first heap   total 189440K, used 63131K [0x0000000081000000, 0x0000000100000000)
  region size 1024K, 51 young (52224K), 12 survivors (12288K)
 Metaspace       used 56671K, capacity 58414K, committed 58752K, reserved 1099776K
  class space    used 7269K, capacity 7950K, committed 8064K, reserved 1048576K
Heap Regions: E=young(eden), S=young(survivor), O=old, HS=humongous(starts), HC=humongous(continues), CS=collection set, F=free, A=archive, TAMS=top-at-mark-start (previous, next)
|   0|0x0000000081000000, 0x0000000081100000, 0x0000000081100000|100%| O|  |TAMS 0x0000000081100000, 0x0000000081000000| Untracked 
|   1|0x0000000081100000, 0x0000000081200000, 0x0000000081200000|100%| O|  |TAMS 0x0000000081200000, 0x0000000081100000| Untracked 
|   2|0x0000000081200000, 0x0000000081300000, 0x0000000081300000|100%| O|  |TAMS 0x0000000081300000, 0x0000000081200000| Untracked 
|   3|0x0000000081300000, 0x0000000081400000, 0x0000000081400000|100%| O|  |TAMS 0x0000000081400000, 0x0000000081300000| Untracked 
|   4|0x0000000081400000, 0x0000000081500000, 0x0000000081500000|100%| O|  |TAMS 0x00000000814f7600, 0x0000000081400000| Untracked 
|   5|0x0000000081500000, 0x0000000081600000, 0x0000000081600000|100%| O|  |TAMS 0x0000000081500000, 0x0000000081500000| Untracked 
|   6|0x0000000081600000, 0x0000000081700000, 0x0000000081700000|100%| O|  |TAMS 0x0000000081600000, 0x0000000081600000| Untracked 
|   7|0x0000000081700000, 0x0000000081800000, 0x0000000081800000|100%| O|  |TAMS 0x0000000081700000, 0x0000000081700000| Untracked 
|   8|0x0000000081800000, 0x0000000081900000, 0x0000000081900000|100%| O|  |TAMS 0x0000000081800000, 0x0000000081800000| Untracked 
|   9|0x0000000081900000, 0x0000000081a00000, 0x0000000081a00000|100%| O|  |TAMS 0x0000000081900000, 0x0000000081900000| Untracked 
|  10|0x0000000081a00000, 0x0000000081b00000, 0x0000000081b00000|100%| O|  |TAMS 0x0000000081a00000, 0x0000000081a00000| Untracked 
|  11|0x0000000081b00000, 0x0000000081c00000, 0x0000000081c00000|100%| O|  |TAMS 0x0000000081b00000, 0x0000000081b00000| Untracked 
|  12|0x0000000081c00000, 0x0000000081c3dc00, 0x0000000081d00000| 24%| O|  |TAMS 0x0000000081c00000, 0x0000000081c00000| Untracked 
|  13|0x0000000081d00000, 0x0000000081d00000, 0x0000000081e00000|  0%| F|  |TAMS 0x0000000081d00000, 0x0000000081d00000| Untracked 
|  14|0x0000000081e00000, 0x0000000081e00000, 0x0000000081f00000|  0%| F|  |TAMS 0x0000000081e00000, 0x0000000081e00000| Untracked 
|  15|0x0000000081f00000, 0x0000000081f00000, 0x0000000082000000|  0%| F|  |TAMS 0x0000000081f00000, 0x0000000081f00000| Untracked 
|  16|0x0000000082000000, 0x0000000082000000, 0x0000000082100000|  0%| F|  |TAMS 0x0000000082000000, 0x0000000082000000| Untracked 
|  17|0x0000000082100000, 0x0000000082100000, 0x0000000082200000|  0%| F|  |TAMS 0x0000000082100000, 0x0000000082100000| Untracked 
|  18|0x0000000082200000, 0x0000000082200000, 0x0000000082300000|  0%| F|  |TAMS 0x0000000082200000, 0x0000000082200000| Untracked 
|  19|0x0000000082300000, 0x0000000082300000, 0x0000000082400000|  0%| F|  |TAMS 0x0000000082300000, 0x0000000082300000| Untracked 
|  20|0x0000000082400000, 0x0000000082400000, 0x0000000082500000|  0%| F|  |TAMS 0x0000000082400000, 0x0000000082400000| Untracked 
|  21|0x0000000082500000, 0x0000000082500000, 0x0000000082600000|  0%| F|  |TAMS 0x0000000082500000, 0x0000000082500000| Untracked 
|  22|0x0000000082600000, 0x0000000082600000, 0x0000000082700000|  0%| F|  |TAMS 0x0000000082600000, 0x0000000082600000| Untracked 
|  23|0x0000000082700000, 0x0000000082700000, 0x0000000082800000|  0%| F|  |TAMS 0x0000000082700000, 0x0000000082700000| Untracked 
|  24|0x0000000082800000, 0x0000000082800000, 0x0000000082900000|  0%| F|  |TAMS 0x0000000082800000, 0x0000000082800000| Untracked 
|  25|0x0000000082900000, 0x0000000082900000, 0x0000000082a00000|  0%| F|  |TAMS 0x0000000082900000, 0x0000000082900000| Untracked 
|  26|0x0000000082a00000, 0x0000000082a00000, 0x0000000082b00000|  0%| F|  |TAMS 0x0000000082a00000, 0x0000000082a00000| Untracked 
|  27|0x0000000082b00000, 0x0000000082b00000, 0x0000000082c00000|  0%| F|  |TAMS 0x0000000082b00000, 0x0000000082b00000| Untracked 
|  28|0x0000000082c00000, 0x0000000082c00000, 0x0000000082d00000|  0%| F|  |TAMS 0x0000000082c00000, 0x0000000082c00000| Untracked 
|  29|0x0000000082d00000, 0x0000000082d00000, 0x0000000082e00000|  0%| F|  |TAMS 0x0000000082d00000, 0x0000000082d00000| Untracked 
|  30|0x0000000082e00000, 0x0000000082e00000, 0x0000000082f00000|  0%| F|  |TAMS 0x0000000082e00000, 0x0000000082e00000| Untracked 
|  31|0x0000000082f00000, 0x0000000082f00000, 0x0000000083000000|  0%| F|  |TAMS 0x0000000082f00000, 0x0000000082f00000| Untracked 
|  32|0x0000000083000000, 0x0000000083000000, 0x0000000083100000|  0%| F|  |TAMS 0x0000000083000000, 0x0000000083000000| Untracked 
|  33|0x0000000083100000, 0x0000000083100000, 0x0000000083200000|  0%| F|  |TAMS 0x0000000083100000, 0x0000000083100000| Untracked 
|  34|0x0000000083200000, 0x0000000083200000, 0x0000000083300000|  0%| F|  |TAMS 0x0000000083200000, 0x0000000083200000| Untracked 
|  35|0x0000000083300000, 0x0000000083300000, 0x0000000083400000|  0%| F|  |TAMS 0x0000000083300000, 0x0000000083300000| Untracked 
|  36|0x0000000083400000, 0x0000000083400000, 0x0000000083500000|  0%| F|  |TAMS 0x0000000083400000, 0x0000000083400000| Untracked 
|  37|0x0000000083500000, 0x0000000083500000, 0x0000000083600000|  0%| F|  |TAMS 0x0000000083500000, 0x0000000083500000| Untracked 
|  38|0x0000000083600000, 0x0000000083600000, 0x0000000083700000|  0%| F|  |TAMS 0x0000000083600000, 0x0000000083600000| Untracked 
|  39|0x0000000083700000, 0x0000000083700000, 0x0000000083800000|  0%| F|  |TAMS 0x0000000083700000, 0x0000000083700000| Untracked 
|  40|0x0000000083800000, 0x0000000083800000, 0x0000000083900000|  0%| F|  |TAMS 0x0000000083800000, 0x0000000083800000| Untracked 
|  41|0x0000000083900000, 0x0000000083900000, 0x0000000083a00000|  0%| F|  |TAMS 0x0000000083900000, 0x0000000083900000| Untracked 
|  42|0x0000000083a00000, 0x0000000083a00000, 0x0000000083b00000|  0%| F|  |TAMS 0x0000000083a00000, 0x0000000083a00000| Untracked 
|  43|0x0000000083b00000, 0x0000000083b00000, 0x0000000083c00000|  0%| F|  |TAMS 0x0000000083b00000, 0x0000000083b00000| Untracked 
|  44|0x0000000083c00000, 0x0000000083c00000, 0x0000000083d00000|  0%| F|  |TAMS 0x0000000083c00000, 0x0000000083c00000| Untracked 
|  45|0x0000000083d00000, 0x0000000083d00000, 0x0000000083e00000|  0%| F|  |TAMS 0x0000000083d00000, 0x0000000083d00000| Untracked 
|  46|0x0000000083e00000, 0x0000000083e00000, 0x0000000083f00000|  0%| F|  |TAMS 0x0000000083e00000, 0x0000000083e00000| Untracked 
|  47|0x0000000083f00000, 0x0000000083f00000, 0x0000000084000000|  0%| F|  |TAMS 0x0000000083f00000, 0x0000000083f00000| Untracked 
|  48|0x0000000084000000, 0x0000000084000000, 0x0000000084100000|  0%| F|  |TAMS 0x0000000084000000, 0x0000000084000000| Untracked 
|  49|0x0000000084100000, 0x0000000084100000, 0x0000000084200000|  0%| F|  |TAMS 0x0000000084100000, 0x0000000084100000| Untracked 
|  50|0x0000000084200000, 0x0000000084200000, 0x0000000084300000|  0%| F|  |TAMS 0x0000000084200000, 0x0000000084200000| Untracked 
|  51|0x0000000084300000, 0x0000000084300000, 0x0000000084400000|  0%| F|  |TAMS 0x0000000084300000, 0x0000000084300000| Untracked 
|  52|0x0000000084400000, 0x0000000084400000, 0x0000000084500000|  0%| F|  |TAMS 0x0000000084400000, 0x0000000084400000| Untracked 
|  53|0x0000000084500000, 0x0000000084500000, 0x0000000084600000|  0%| F|  |TAMS 0x0000000084500000, 0x0000000084500000| Untracked 
|  54|0x0000000084600000, 0x0000000084600000, 0x0000000084700000|  0%| F|  |TAMS 0x0000000084600000, 0x0000000084600000| Untracked 
|  55|0x0000000084700000, 0x0000000084700000, 0x0000000084800000|  0%| F|  |TAMS 0x0000000084700000, 0x0000000084700000| Untracked 
|  56|0x0000000084800000, 0x0000000084800000, 0x0000000084900000|  0%| F|  |TAMS 0x0000000084800000, 0x0000000084800000| Untracked 
|  57|0x0000000084900000, 0x0000000084900000, 0x0000000084a00000|  0%| F|  |TAMS 0x0000000084900000, 0x0000000084900000| Untracked 
|  58|0x0000000084a00000, 0x0000000084a00000, 0x0000000084b00000|  0%| F|  |TAMS 0x0000000084a00000, 0x0000000084a00000| Untracked 
|  59|0x0000000084b00000, 0x0000000084b00000, 0x0000000084c00000|  0%| F|  |TAMS 0x0000000084b00000, 0x0000000084b00000| Untracked 
|  60|0x0000000084c00000, 0x0000000084c00000, 0x0000000084d00000|  0%| F|  |TAMS 0x0000000084c00000, 0x0000000084c00000| Untracked 
|  61|0x0000000084d00000, 0x0000000084d00000, 0x0000000084e00000|  0%| F|  |TAMS 0x0000000084d00000, 0x0000000084d00000| Untracked 
|  62|0x0000000084e00000, 0x0000000084e00000, 0x0000000084f00000|  0%| F|  |TAMS 0x0000000084e00000, 0x0000000084e00000| Untracked 
|  63|0x0000000084f00000, 0x0000000084f00000, 0x0000000085000000|  0%| F|  |TAMS 0x0000000084f00000, 0x0000000084f00000| Untracked 
|  64|0x0000000085000000, 0x0000000085000000, 0x0000000085100000|  0%| F|  |TAMS 0x0000000085000000, 0x0000000085000000| Untracked 
|  65|0x0000000085100000, 0x0000000085100000, 0x0000000085200000|  0%| F|  |TAMS 0x0000000085100000, 0x0000000085100000| Untracked 
|  66|0x0000000085200000, 0x0000000085200000, 0x0000000085300000|  0%| F|  |TAMS 0x0000000085200000, 0x0000000085200000| Untracked 
|  67|0x0000000085300000, 0x0000000085300000, 0x0000000085400000|  0%| F|  |TAMS 0x0000000085300000, 0x0000000085300000| Untracked 
|  68|0x0000000085400000, 0x0000000085400000, 0x0000000085500000|  0%| F|  |TAMS 0x0000000085400000, 0x0000000085400000| Untracked 
|  69|0x0000000085500000, 0x0000000085569038, 0x0000000085600000| 41%| S|CS|TAMS 0x0000000085500000, 0x0000000085500000| Complete 
|  70|0x0000000085600000, 0x0000000085600000, 0x0000000085700000|  0%| F|  |TAMS 0x0000000085600000, 0x0000000085600000| Untracked 
|  71|0x0000000085700000, 0x0000000085700000, 0x0000000085800000|  0%| F|  |TAMS 0x0000000085700000, 0x0000000085700000| Untracked 
|  72|0x0000000085800000, 0x0000000085900000, 0x0000000085900000|100%| S|CS|TAMS 0x0000000085800000, 0x0000000085800000| Complete 
|  73|0x0000000085900000, 0x0000000085a00000, 0x0000000085a00000|100%| S|CS|TAMS 0x0000000085900000, 0x0000000085900000| Complete 
|  74|0x0000000085a00000, 0x0000000085b00000, 0x0000000085b00000|100%| S|CS|TAMS 0x0000000085a00000, 0x0000000085a00000| Complete 
|  75|0x0000000085b00000, 0x0000000085c00000, 0x0000000085c00000|100%| S|CS|TAMS 0x0000000085b00000, 0x0000000085b00000| Complete 
|  76|0x0000000085c00000, 0x0000000085d00000, 0x0000000085d00000|100%| S|CS|TAMS 0x0000000085c00000, 0x0000000085c00000| Complete 
|  77|0x0000000085d00000, 0x0000000085e00000, 0x0000000085e00000|100%| S|CS|TAMS 0x0000000085d00000, 0x0000000085d00000| Complete 
|  78|0x0000000085e00000, 0x0000000085f00000, 0x0000000085f00000|100%| S|CS|TAMS 0x0000000085e00000, 0x0000000085e00000| Complete 
|  79|0x0000000085f00000, 0x0000000086000000, 0x0000000086000000|100%| S|CS|TAMS 0x0000000085f00000, 0x0000000085f00000| Complete 
|  80|0x0000000086000000, 0x0000000086100000, 0x0000000086100000|100%| S|CS|TAMS 0x0000000086000000, 0x0000000086000000| Complete 
|  81|0x0000000086100000, 0x0000000086200000, 0x0000000086200000|100%| S|CS|TAMS 0x0000000086100000, 0x0000000086100000| Complete 
|  82|0x0000000086200000, 0x0000000086300000, 0x0000000086300000|100%| S|CS|TAMS 0x0000000086200000, 0x0000000086200000| Complete 
|  83|0x0000000086300000, 0x0000000086300000, 0x0000000086400000|  0%| F|  |TAMS 0x0000000086300000, 0x0000000086300000| Untracked 
|  84|0x0000000086400000, 0x0000000086400000, 0x0000000086500000|  0%| F|  |TAMS 0x0000000086400000, 0x0000000086400000| Untracked 
|  85|0x0000000086500000, 0x0000000086500000, 0x0000000086600000|  0%| F|  |TAMS 0x0000000086500000, 0x0000000086500000| Untracked 
|  86|0x0000000086600000, 0x0000000086600000, 0x0000000086700000|  0%| F|  |TAMS 0x0000000086600000, 0x0000000086600000| Untracked 
|  87|0x0000000086700000, 0x0000000086700000, 0x0000000086800000|  0%| F|  |TAMS 0x0000000086700000, 0x0000000086700000| Untracked 
|  88|0x0000000086800000, 0x0000000086800000, 0x0000000086900000|  0%| F|  |TAMS 0x0000000086800000, 0x0000000086800000| Untracked 
|  89|0x0000000086900000, 0x0000000086900000, 0x0000000086a00000|  0%| F|  |TAMS 0x0000000086900000, 0x0000000086900000| Untracked 
|  90|0x0000000086a00000, 0x0000000086a00000, 0x0000000086b00000|  0%| F|  |TAMS 0x0000000086a00000, 0x0000000086a00000| Untracked 
|  91|0x0000000086b00000, 0x0000000086b00000, 0x0000000086c00000|  0%| F|  |TAMS 0x0000000086b00000, 0x0000000086b00000| Untracked 
|  92|0x0000000086c00000, 0x0000000086c00000, 0x0000000086d00000|  0%| F|  |TAMS 0x0000000086c00000, 0x0000000086c00000| Untracked 
|  93|0x0000000086d00000, 0x0000000086d00000, 0x0000000086e00000|  0%| F|  |TAMS 0x0000000086d00000, 0x0000000086d00000| Untracked 
|  94|0x0000000086e00000, 0x0000000086e00000, 0x0000000086f00000|  0%| F|  |TAMS 0x0000000086e00000, 0x0000000086e00000| Untracked 
|  95|0x0000000086f00000, 0x0000000086f00000, 0x0000000087000000|  0%| F|  |TAMS 0x0000000086f00000, 0x0000000086f00000| Untracked 
|  96|0x0000000087000000, 0x0000000087000000, 0x0000000087100000|  0%| F|  |TAMS 0x0000000087000000, 0x0000000087000000| Untracked 
|  97|0x0000000087100000, 0x0000000087100000, 0x0000000087200000|  0%| F|  |TAMS 0x0000000087100000, 0x0000000087100000| Untracked 
|  98|0x0000000087200000, 0x0000000087200000, 0x0000000087300000|  0%| F|  |TAMS 0x0000000087200000, 0x0000000087200000| Untracked 
|  99|0x0000000087300000, 0x0000000087300000, 0x0000000087400000|  0%| F|  |TAMS 0x0000000087300000, 0x0000000087300000| Untracked 
| 100|0x0000000087400000, 0x0000000087400000, 0x0000000087500000|  0%| F|  |TAMS 0x0000000087400000, 0x0000000087400000| Untracked 
| 101|0x0000000087500000, 0x0000000087500000, 0x0000000087600000|  0%| F|  |TAMS 0x0000000087500000, 0x0000000087500000| Untracked 
| 102|0x0000000087600000, 0x0000000087600000, 0x0000000087700000|  0%| F|  |TAMS 0x0000000087600000, 0x0000000087600000| Untracked 
| 103|0x0000000087700000, 0x0000000087700000, 0x0000000087800000|  0%| F|  |TAMS 0x0000000087700000, 0x0000000087700000| Untracked 
| 104|0x0000000087800000, 0x0000000087800000, 0x0000000087900000|  0%| F|  |TAMS 0x0000000087800000, 0x0000000087800000| Untracked 
| 105|0x0000000087900000, 0x0000000087900000, 0x0000000087a00000|  0%| F|  |TAMS 0x0000000087900000, 0x0000000087900000| Untracked 
| 106|0x0000000087a00000, 0x0000000087a00000, 0x0000000087b00000|  0%| F|  |TAMS 0x0000000087a00000, 0x0000000087a00000| Untracked 
| 107|0x0000000087b00000, 0x0000000087b00000, 0x0000000087c00000|  0%| F|  |TAMS 0x0000000087b00000, 0x0000000087b00000| Untracked 
| 108|0x0000000087c00000, 0x0000000087c00000, 0x0000000087d00000|  0%| F|  |TAMS 0x0000000087c00000, 0x0000000087c00000| Untracked 
| 109|0x0000000087d00000, 0x0000000087d00000, 0x0000000087e00000|  0%| F|  |TAMS 0x0000000087d00000, 0x0000000087d00000| Untracked 
| 110|0x0000000087e00000, 0x0000000087e00000, 0x0000000087f00000|  0%| F|  |TAMS 0x0000000087e00000, 0x0000000087e00000| Untracked 
| 111|0x0000000087f00000, 0x0000000087f00000, 0x0000000088000000|  0%| F|  |TAMS 0x0000000087f00000, 0x0000000087f00000| Untracked 
| 112|0x0000000088000000, 0x0000000088000000, 0x0000000088100000|  0%| F|  |TAMS 0x0000000088000000, 0x0000000088000000| Untracked 
| 113|0x0000000088100000, 0x0000000088100000, 0x0000000088200000|  0%| F|  |TAMS 0x0000000088100000, 0x0000000088100000| Untracked 
| 114|0x0000000088200000, 0x0000000088200000, 0x0000000088300000|  0%| F|  |TAMS 0x0000000088200000, 0x0000000088200000| Untracked 
| 115|0x0000000088300000, 0x0000000088300000, 0x0000000088400000|  0%| F|  |TAMS 0x0000000088300000, 0x0000000088300000| Untracked 
| 116|0x0000000088400000, 0x0000000088400000, 0x0000000088500000|  0%| F|  |TAMS 0x0000000088400000, 0x0000000088400000| Untracked 
| 117|0x0000000088500000, 0x0000000088500000, 0x0000000088600000|  0%| F|  |TAMS 0x0000000088500000, 0x0000000088500000| Untracked 
| 118|0x0000000088600000, 0x0000000088600000, 0x0000000088700000|  0%| F|  |TAMS 0x0000000088600000, 0x0000000088600000| Untracked 
| 119|0x0000000088700000, 0x0000000088700000, 0x0000000088800000|  0%| F|  |TAMS 0x0000000088700000, 0x0000000088700000| Untracked 
| 120|0x0000000088800000, 0x0000000088800000, 0x0000000088900000|  0%| F|  |TAMS 0x0000000088800000, 0x0000000088800000| Untracked 
| 121|0x0000000088900000, 0x0000000088900000, 0x0000000088a00000|  0%| F|  |TAMS 0x0000000088900000, 0x0000000088900000| Untracked 
| 122|0x0000000088a00000, 0x0000000088a00000, 0x0000000088b00000|  0%| F|  |TAMS 0x0000000088a00000, 0x0000000088a00000| Untracked 
| 123|0x0000000088b00000, 0x0000000088b00000, 0x0000000088c00000|  0%| F|  |TAMS 0x0000000088b00000, 0x0000000088b00000| Untracked 
| 124|0x0000000088c00000, 0x0000000088c00000, 0x0000000088d00000|  0%| F|  |TAMS 0x0000000088c00000, 0x0000000088c00000| Untracked 
| 125|0x0000000088d00000, 0x0000000088d00000, 0x0000000088e00000|  0%| F|  |TAMS 0x0000000088d00000, 0x0000000088d00000| Untracked 
| 126|0x0000000088e00000, 0x0000000088e00000, 0x0000000088f00000|  0%| F|  |TAMS 0x0000000088e00000, 0x0000000088e00000| Untracked 
| 127|0x0000000088f00000, 0x0000000088f00000, 0x0000000089000000|  0%| F|  |TAMS 0x0000000088f00000, 0x0000000088f00000| Untracked 
| 128|0x0000000089000000, 0x0000000089000000, 0x0000000089100000|  0%| F|  |TAMS 0x0000000089000000, 0x0000000089000000| Untracked 
| 129|0x0000000089100000, 0x0000000089100000, 0x0000000089200000|  0%| F|  |TAMS 0x0000000089100000, 0x0000000089100000| Untracked 
| 130|0x0000000089200000, 0x0000000089200000, 0x0000000089300000|  0%| F|  |TAMS 0x0000000089200000, 0x0000000089200000| Untracked 
| 131|0x0000000089300000, 0x0000000089300000, 0x0000000089400000|  0%| F|  |TAMS 0x0000000089300000, 0x0000000089300000| Untracked 
| 132|0x0000000089400000, 0x0000000089400000, 0x0000000089500000|  0%| F|  |TAMS 0x0000000089400000, 0x0000000089400000| Untracked 
| 133|0x0000000089500000, 0x0000000089500000, 0x0000000089600000|  0%| F|  |TAMS 0x0000000089500000, 0x0000000089500000| Untracked 
| 134|0x0000000089600000, 0x0000000089600000, 0x0000000089700000|  0%| F|  |TAMS 0x0000000089600000, 0x0000000089600000| Untracked 
| 135|0x0000000089700000, 0x0000000089700000, 0x0000000089800000|  0%| F|  |TAMS 0x0000000089700000, 0x0000000089700000| Untracked 
| 136|0x0000000089800000, 0x0000000089800000, 0x0000000089900000|  0%| F|  |TAMS 0x0000000089800000, 0x0000000089800000| Untracked 
| 137|0x0000000089900000, 0x0000000089900000, 0x0000000089a00000|  0%| F|  |TAMS 0x0000000089900000, 0x0000000089900000| Untracked 
| 138|0x0000000089a00000, 0x0000000089a00000, 0x0000000089b00000|  0%| F|  |TAMS 0x0000000089a00000, 0x0000000089a00000| Untracked 
| 139|0x0000000089b00000, 0x0000000089b00000, 0x0000000089c00000|  0%| F|  |TAMS 0x0000000089b00000, 0x0000000089b00000| Untracked 
| 140|0x0000000089c00000, 0x0000000089c00000, 0x0000000089d00000|  0%| F|  |TAMS 0x0000000089c00000, 0x0000000089c00000| Untracked 
| 141|0x0000000089d00000, 0x0000000089d00000, 0x0000000089e00000|  0%| F|  |TAMS 0x0000000089d00000, 0x0000000089d00000| Untracked 
| 142|0x0000000089e00000, 0x0000000089e00000, 0x0000000089f00000|  0%| F|  |TAMS 0x0000000089e00000, 0x0000000089e00000| Untracked 
| 143|0x0000000089f00000, 0x0000000089f00000, 0x000000008a000000|  0%| F|  |TAMS 0x0000000089f00000, 0x0000000089f00000| Untracked 
| 144|0x000000008a000000, 0x000000008a000000, 0x000000008a100000|  0%| F|  |TAMS 0x000000008a000000, 0x000000008a000000| Untracked 
| 145|0x000000008a100000, 0x000000008a100000, 0x000000008a200000|  0%| F|  |TAMS 0x000000008a100000, 0x000000008a100000| Untracked 
| 146|0x000000008a200000, 0x000000008a300000, 0x000000008a300000|100%| E|  |TAMS 0x000000008a200000, 0x000000008a200000| Complete 
| 147|0x000000008a300000, 0x000000008a400000, 0x000000008a400000|100%| E|CS|TAMS 0x000000008a300000, 0x000000008a300000| Complete 
| 148|0x000000008a400000, 0x000000008a500000, 0x000000008a500000|100%| E|CS|TAMS 0x000000008a400000, 0x000000008a400000| Complete 
| 149|0x000000008a500000, 0x000000008a600000, 0x000000008a600000|100%| E|CS|TAMS 0x000000008a500000, 0x000000008a500000| Complete 
| 150|0x000000008a600000, 0x000000008a700000, 0x000000008a700000|100%| E|CS|TAMS 0x000000008a600000, 0x000000008a600000| Complete 
| 151|0x000000008a700000, 0x000000008a800000, 0x000000008a800000|100%| E|CS|TAMS 0x000000008a700000, 0x000000008a700000| Complete 
| 152|0x000000008a800000, 0x000000008a900000, 0x000000008a900000|100%| E|CS|TAMS 0x000000008a800000, 0x000000008a800000| Complete 
| 153|0x000000008a900000, 0x000000008aa00000, 0x000000008aa00000|100%| E|CS|TAMS 0x000000008a900000, 0x000000008a900000| Complete 
| 154|0x000000008aa00000, 0x000000008ab00000, 0x000000008ab00000|100%| E|CS|TAMS 0x000000008aa00000, 0x000000008aa00000| Complete 
| 155|0x000000008ab00000, 0x000000008ac00000, 0x000000008ac00000|100%| E|CS|TAMS 0x000000008ab00000, 0x000000008ab00000| Complete 
| 156|0x000000008ac00000, 0x000000008ad00000, 0x000000008ad00000|100%| E|CS|TAMS 0x000000008ac00000, 0x000000008ac00000| Complete 
| 157|0x000000008ad00000, 0x000000008ae00000, 0x000000008ae00000|100%| E|CS|TAMS 0x000000008ad00000, 0x000000008ad00000| Complete 
| 158|0x000000008ae00000, 0x000000008af00000, 0x000000008af00000|100%| E|CS|TAMS 0x000000008ae00000, 0x000000008ae00000| Complete 
| 159|0x000000008af00000, 0x000000008b000000, 0x000000008b000000|100%| E|CS|TAMS 0x000000008af00000, 0x000000008af00000| Complete 
| 160|0x000000008b000000, 0x000000008b100000, 0x000000008b100000|100%| E|CS|TAMS 0x000000008b000000, 0x000000008b000000| Complete 
| 161|0x000000008b100000, 0x000000008b200000, 0x000000008b200000|100%| E|CS|TAMS 0x000000008b100000, 0x000000008b100000| Complete 
| 162|0x000000008b200000, 0x000000008b300000, 0x000000008b300000|100%| E|CS|TAMS 0x000000008b200000, 0x000000008b200000| Complete 
| 163|0x000000008b300000, 0x000000008b400000, 0x000000008b400000|100%| E|CS|TAMS 0x000000008b300000, 0x000000008b300000| Complete 
| 164|0x000000008b400000, 0x000000008b500000, 0x000000008b500000|100%| E|CS|TAMS 0x000000008b400000, 0x000000008b400000| Complete 
| 165|0x000000008b500000, 0x000000008b600000, 0x000000008b600000|100%| E|CS|TAMS 0x000000008b500000, 0x000000008b500000| Complete 
| 166|0x000000008b600000, 0x000000008b700000, 0x000000008b700000|100%| E|CS|TAMS 0x000000008b600000, 0x000000008b600000| Complete 
| 167|0x000000008b700000, 0x000000008b800000, 0x000000008b800000|100%| E|CS|TAMS 0x000000008b700000, 0x000000008b700000| Complete 
| 168|0x000000008b800000, 0x000000008b900000, 0x000000008b900000|100%| E|CS|TAMS 0x000000008b800000, 0x000000008b800000| Complete 
| 169|0x000000008b900000, 0x000000008ba00000, 0x000000008ba00000|100%| E|CS|TAMS 0x000000008b900000, 0x000000008b900000| Complete 
| 170|0x000000008ba00000, 0x000000008bb00000, 0x000000008bb00000|100%| E|CS|TAMS 0x000000008ba00000, 0x000000008ba00000| Complete 
| 171|0x000000008bb00000, 0x000000008bc00000, 0x000000008bc00000|100%| E|CS|TAMS 0x000000008bb00000, 0x000000008bb00000| Complete 
| 172|0x000000008bc00000, 0x000000008bd00000, 0x000000008bd00000|100%| E|CS|TAMS 0x000000008bc00000, 0x000000008bc00000| Complete 
| 173|0x000000008bd00000, 0x000000008be00000, 0x000000008be00000|100%| E|CS|TAMS 0x000000008bd00000, 0x000000008bd00000| Complete 
| 174|0x000000008be00000, 0x000000008bf00000, 0x000000008bf00000|100%| E|CS|TAMS 0x000000008be00000, 0x000000008be00000| Complete 
| 175|0x000000008bf00000, 0x000000008c000000, 0x000000008c000000|100%| E|CS|TAMS 0x000000008bf00000, 0x000000008bf00000| Complete 
| 176|0x000000008c000000, 0x000000008c100000, 0x000000008c100000|100%| E|CS|TAMS 0x000000008c000000, 0x000000008c000000| Complete 
| 177|0x000000008c100000, 0x000000008c200000, 0x000000008c200000|100%| E|CS|TAMS 0x000000008c100000, 0x000000008c100000| Complete 
| 178|0x000000008c200000, 0x000000008c300000, 0x000000008c300000|100%| E|CS|TAMS 0x000000008c200000, 0x000000008c200000| Complete 
| 179|0x000000008c300000, 0x000000008c400000, 0x000000008c400000|100%| E|CS|TAMS 0x000000008c300000, 0x000000008c300000| Complete 
| 180|0x000000008c400000, 0x000000008c500000, 0x000000008c500000|100%| E|CS|TAMS 0x000000008c400000, 0x000000008c400000| Complete 
| 181|0x000000008c500000, 0x000000008c600000, 0x000000008c600000|100%| E|CS|TAMS 0x000000008c500000, 0x000000008c500000| Complete 
| 182|0x000000008c600000, 0x000000008c700000, 0x000000008c700000|100%| E|CS|TAMS 0x000000008c600000, 0x000000008c600000| Complete 
| 183|0x000000008c700000, 0x000000008c800000, 0x000000008c800000|100%| E|CS|TAMS 0x000000008c700000, 0x000000008c700000| Complete 
| 184|0x000000008c800000, 0x000000008c900000, 0x000000008c900000|100%| E|CS|TAMS 0x000000008c800000, 0x000000008c800000| Complete 

Card table byte_map: [0x000002a69eac0000,0x000002a69eec0000] _byte_map_base: 0x000002a69e6b8000

Marking Bits (Prev, Next): (CMBitMap*) 0x000002a6873855b8, (CMBitMap*) 0x000002a6873855f0
 Prev Bits: [0x000002a69f2c0000, 0x000002a6a1280000)
 Next Bits: [0x000002a6a1280000, 0x000002a6a3240000)

Polling page: 0x000002a6851c0000

Metaspace:

Usage:
  Non-class:     49.28 MB capacity,    48.24 MB ( 98%) used,   848.92 KB (  2%) free+waste,   213.44 KB ( <1%) overhead. 
      Class:      7.76 MB capacity,     7.10 MB ( 91%) used,   580.29 KB (  7%) free+waste,   100.13 KB (  1%) overhead. 
       Both:     57.04 MB capacity,    55.34 MB ( 97%) used,     1.40 MB (  2%) free+waste,   313.56 KB ( <1%) overhead. 

Virtual space:
  Non-class space:       50.00 MB reserved,      49.50 MB ( 99%) committed 
      Class space:        1.00 GB reserved,       7.88 MB ( <1%) committed 
             Both:        1.05 GB reserved,      57.38 MB (  5%) committed 

Chunk freelists:
   Non-Class:  4.00 KB
       Class:  2.25 KB
        Both:  6.25 KB

CodeHeap 'non-profiled nmethods': size=120064Kb used=3321Kb max_used=3321Kb free=116742Kb
 bounds [0x000002a697180000, 0x000002a6974d0000, 0x000002a69e6c0000]
CodeHeap 'profiled nmethods': size=120000Kb used=11473Kb max_used=11473Kb free=108526Kb
 bounds [0x000002a68fc50000, 0x000002a690790000, 0x000002a697180000]
CodeHeap 'non-nmethods': size=5696Kb used=1248Kb max_used=1326Kb free=4447Kb
 bounds [0x000002a68f6c0000, 0x000002a68f930000, 0x000002a68fc50000]
 total_blobs=6906 nmethods=5055 adapters=421
 compilation: enabled
              stopped_count=0, restarted_count=0
 full_count=0

Compilation events (10 events):
Event: 45.197 Thread 0x000002a6a576b000 5399       3       com.mongodb.assertions.Assertions::notNull (33 bytes)
Event: 45.198 Thread 0x000002a6a576b000 nmethod 5399 0x000002a690788790 code [0x000002a690788a00, 0x000002a6907892e0]
Event: 45.198 Thread 0x000002a6a576b000 5401       3       java.nio.HeapByteBuffer::get (54 bytes)
Event: 45.198 Thread 0x000002a6a576b000 nmethod 5401 0x000002a690789610 code [0x000002a690789840, 0x000002a690789f80]
Event: 45.198 Thread 0x000002a6a576b000 5402       3       org.bson.io.ByteBufferBsonInput::readBytes (22 bytes)
Event: 45.198 Thread 0x000002a6a576b000 nmethod 5402 0x000002a69078a210 code [0x000002a69078a420, 0x000002a69078aa30]
Event: 45.198 Thread 0x000002a6a576b000 5403       3       org.bson.ByteBufNIO::get (11 bytes)
Event: 45.198 Thread 0x000002a6a576b000 nmethod 5403 0x000002a69078ac90 code [0x000002a69078ae60, 0x000002a69078b190]
Event: 45.198 Thread 0x000002a6a576b000 5400       1       com.mongodb.connection.ByteBufferBsonOutput$BufferPositionPair::access$000 (5 bytes)
Event: 45.198 Thread 0x000002a6a576b000 nmethod 5400 0x000002a697203110 code [0x000002a6972032c0, 0x000002a6972033b8]

GC Heap History (10 events):
Event: 2.884 GC heap before
{Heap before GC invocations=8 (full 0):
 garbage-first heap   total 157696K, used 74343K [0x0000000081000000, 0x0000000100000000)
  region size 1024K, 70 young (71680K), 6 survivors (6144K)
 Metaspace       used 34818K, capacity 35756K, committed 35840K, reserved 1081344K
  class space    used 4369K, capacity 4736K, committed 4736K, reserved 1048576K
}
Event: 2.889 GC heap after
{Heap after GC invocations=9 (full 0):
 garbage-first heap   total 157696K, used 11125K [0x0000000081000000, 0x0000000100000000)
  region size 1024K, 6 young (6144K), 6 survivors (6144K)
 Metaspace       used 34818K, capacity 35756K, committed 35840K, reserved 1081344K
  class space    used 4369K, capacity 4736K, committed 4736K, reserved 1048576K
}
Event: 3.586 GC heap before
{Heap before GC invocations=10 (full 0):
 garbage-first heap   total 157696K, used 99189K [0x0000000081000000, 0x0000000100000000)
  region size 1024K, 92 young (94208K), 6 survivors (6144K)
 Metaspace       used 39389K, capacity 40470K, committed 40832K, reserved 1085440K
  class space    used 4969K, capacity 5382K, committed 5504K, reserved 1048576K
}
Event: 3.591 GC heap after
{Heap after GC invocations=11 (full 0):
 garbage-first heap   total 157696K, used 13074K [0x0000000081000000, 0x0000000100000000)
  region size 1024K, 8 young (8192K), 8 survivors (8192K)
 Metaspace       used 39389K, capacity 40470K, committed 40832K, reserved 1085440K
  class space    used 4969K, capacity 5382K, committed 5504K, reserved 1048576K
}
Event: 4.543 GC heap before
{Heap before GC invocations=11 (full 0):
 garbage-first heap   total 157696K, used 99090K [0x0000000081000000, 0x0000000100000000)
  region size 1024K, 92 young (94208K), 8 survivors (8192K)
 Metaspace       used 45004K, capacity 46326K, committed 46464K, reserved 1089536K
  class space    used 5709K, capacity 6216K, committed 6272K, reserved 1048576K
}
Event: 4.551 GC heap after
{Heap after GC invocations=12 (full 0):
 garbage-first heap   total 157696K, used 16265K [0x0000000081000000, 0x0000000100000000)
  region size 1024K, 10 young (10240K), 10 survivors (10240K)
 Metaspace       used 45004K, capacity 46326K, committed 46464K, reserved 1089536K
  class space    used 5709K, capacity 6216K, committed 6272K, reserved 1048576K
}
Event: 5.170 GC heap before
{Heap before GC invocations=12 (full 0):
 garbage-first heap   total 157696K, used 100233K [0x0000000081000000, 0x0000000100000000)
  region size 1024K, 92 young (94208K), 10 survivors (10240K)
 Metaspace       used 50222K, capacity 51536K, committed 51712K, reserved 1093632K
  class space    used 6350K, capacity 6858K, committed 6912K, reserved 1048576K
}
Event: 5.178 GC heap after
{Heap after GC invocations=13 (full 0):
 garbage-first heap   total 189440K, used 18915K [0x0000000081000000, 0x0000000100000000)
  region size 1024K, 9 young (9216K), 9 survivors (9216K)
 Metaspace       used 50222K, capacity 51536K, committed 51712K, reserved 1093632K
  class space    used 6350K, capacity 6858K, committed 6912K, reserved 1048576K
}
Event: 6.029 GC heap before
{Heap before GC invocations=13 (full 0):
 garbage-first heap   total 189440K, used 123363K [0x0000000081000000, 0x0000000100000000)
  region size 1024K, 111 young (113664K), 9 survivors (9216K)
 Metaspace       used 55208K, capacity 56869K, committed 56960K, reserved 1097728K
  class space    used 7070K, capacity 7737K, committed 7808K, reserved 1048576K
}
Event: 6.037 GC heap after
{Heap after GC invocations=14 (full 0):
 garbage-first heap   total 189440K, used 24219K [0x0000000081000000, 0x0000000100000000)
  region size 1024K, 12 young (12288K), 12 survivors (12288K)
 Metaspace       used 55208K, capacity 56869K, committed 56960K, reserved 1097728K
  class space    used 7070K, capacity 7737K, committed 7808K, reserved 1048576K
}

Deoptimization events (10 events):
Event: 5.624 Thread 0x000002a687346800 Uncommon trap: reason=unstable_if action=reinterpret pc=0x000002a69728bc94 method=java.util.concurrent.ConcurrentHashMap.transfer([Ljava/util/concurrent/ConcurrentHashMap$Node;[Ljava/util/concurrent/ConcurrentHashMap$Node;)V @ 352 c2
Event: 6.195 Thread 0x000002a687346800 Uncommon trap: reason=unstable_if action=reinterpret pc=0x000002a69745f2e0 method=org.springframework.beans.factory.support.DefaultSingletonBeanRegistry.getSingleton(Ljava/lang/String;Z)Ljava/lang/Object; @ 47 c2
Event: 6.210 Thread 0x000002a687346800 Uncommon trap: reason=unstable_if action=reinterpret pc=0x000002a697399728 method=java.util.WeakHashMap.expungeStaleEntries()V @ 66 c2
Event: 6.236 Thread 0x000002a687346800 Uncommon trap: reason=speculate_class_check action=maybe_recompile pc=0x000002a69746717c method=java.lang.reflect.Executable.declaredAnnotations()Ljava/util/Map; @ 23 c2
Event: 6.261 Thread 0x000002a687346800 Uncommon trap: reason=array_check action=maybe_recompile pc=0x000002a697452cf8 method=java.util.AbstractCollection.toArray([Ljava/lang/Object;)[Ljava/lang/Object; @ 116 c2
Event: 6.266 Thread 0x000002a687346800 Uncommon trap: reason=intrinsic_or_type_checked_inlining action=make_not_entrant pc=0x000002a697482a0c method=java.util.Arrays.copyOf([Ljava/lang/Object;ILjava/lang/Class;)[Ljava/lang/Object; @ 35 c2
Event: 6.353 Thread 0x000002a687346800 Uncommon trap: reason=array_check action=maybe_recompile pc=0x000002a697452cf8 method=java.util.AbstractCollection.toArray([Ljava/lang/Object;)[Ljava/lang/Object; @ 116 c2
Event: 6.353 Thread 0x000002a687346800 Uncommon trap: reason=array_check action=maybe_recompile pc=0x000002a697452cf8 method=java.util.AbstractCollection.toArray([Ljava/lang/Object;)[Ljava/lang/Object; @ 116 c2
Event: 6.354 Thread 0x000002a687346800 Uncommon trap: reason=array_check action=maybe_recompile pc=0x000002a697452cf8 method=java.util.AbstractCollection.toArray([Ljava/lang/Object;)[Ljava/lang/Object; @ 116 c2
Event: 6.383 Thread 0x000002a687346800 Uncommon trap: reason=unstable_if action=reinterpret pc=0x000002a697194264 method=java.lang.CharacterData.of(I)Ljava/lang/CharacterData; @ 4 c2

Classes redefined (2 events):
Event: 31.129 Thread 0x000002a6a571d000 redefined class name=br.com.b2w.apistarwars.service.PlanetaServiceTest, count=1
Event: 41.740 Thread 0x000002a6a571d000 redefined class name=br.com.b2w.apistarwars.service.PlanetaServiceTest, count=2

Internal exceptions (10 events):
Event: 6.275 Thread 0x000002a687346800 Exception <a 'java/lang/ClassNotFoundException'{0x000000008b05e1f8}: org/springframework/web/multipart/MultipartResolverCustomizer> (0x000000008b05e1f8) thrown at [t:/workspace/open/src/hotspot/share/classfile/systemDictionary.cpp, line 231]
Event: 6.276 Thread 0x000002a687346800 Exception <a 'java/lang/ClassNotFoundException'{0x000000008b06c490}: java/lang/ObjectCustomizer> (0x000000008b06c490) thrown at [t:/workspace/open/src/hotspot/share/classfile/systemDictionary.cpp, line 231]
Event: 6.277 Thread 0x000002a687346800 Exception <a 'java/lang/ClassNotFoundException'{0x000000008b087e80}: org/springframework/boot/test/web/client/TestRestTemplateContextCustomizer$TestRestTemplateFactoryCustomizer> (0x000000008b087e80) thrown at [t:/workspace/open/src/hotspot/share/classfil
Event: 6.278 Thread 0x000002a687346800 Exception <a 'java/lang/ClassNotFoundException'{0x000000008b0a3128}: org/springframework/beans/factory/FactoryBeanCustomizer> (0x000000008b0a3128) thrown at [t:/workspace/open/src/hotspot/share/classfile/systemDictionary.cpp, line 231]
Event: 6.278 Thread 0x000002a687346800 Exception <a 'java/lang/ClassNotFoundException'{0x000000008b0b84b0}: org/springframework/context/ApplicationContextAwareCustomizer> (0x000000008b0b84b0) thrown at [t:/workspace/open/src/hotspot/share/classfile/systemDictionary.cpp, line 231]
Event: 6.279 Thread 0x000002a687346800 Exception <a 'java/lang/ClassNotFoundException'{0x000000008b0ca988}: org/springframework/beans/factory/AwareCustomizer> (0x000000008b0ca988) thrown at [t:/workspace/open/src/hotspot/share/classfile/systemDictionary.cpp, line 231]
Event: 6.352 Thread 0x000002a687346800 Exception <a 'java/lang/ClassNotFoundException'{0x000000008a777a30}: java/lang/ObjectCustomizer> (0x000000008a777a30) thrown at [t:/workspace/open/src/hotspot/share/classfile/systemDictionary.cpp, line 231]
Event: 6.353 Thread 0x000002a687346800 Exception <a 'java/lang/ClassNotFoundException'{0x000000008a78d190}: br/com/b2w/apistarwars/service/PlanetaServiceTestCustomizer> (0x000000008a78d190) thrown at [t:/workspace/open/src/hotspot/share/classfile/systemDictionary.cpp, line 231]
Event: 6.369 Thread 0x000002a687346800 Exception <a 'java/lang/NoSuchMethodError'{0x000000008a6290c8}: java.lang.invoke.DirectMethodHandle$Holder.invokeSpecial(Ljava/lang/Object;Ljava/lang/Object;Ljava/lang/Object;Ljava/lang/Object;Ljava/lang/Object;I)Ljava/lang/Object;> (0x000000008a6290c8) t
Event: 6.370 Thread 0x000002a687346800 Exception <a 'java/lang/NoSuchMethodError'{0x000000008a62c7b8}: java.lang.invoke.Invokers$Holder.linkToTargetMethod(Ljava/lang/Object;Ljava/lang/Object;Ljava/lang/Object;ILjava/lang/Object;)Ljava/lang/Object;> (0x000000008a62c7b8) thrown at [t:/workspace/

Events (10 events):
Event: 45.765 loading class org/mockito/internal/util/reflection/GenericMetadataSupport$ParameterizedReturnType
Event: 45.765 loading class org/mockito/internal/util/reflection/GenericMetadataSupport$ParameterizedReturnType done
Event: 45.769 loading class org/mockito/internal/util/reflection/GenericMetadataSupport$TypeVariableReturnType
Event: 45.769 loading class org/mockito/internal/util/reflection/GenericMetadataSupport$TypeVariableReturnType done
Event: 45.775 loading class org/mockito/internal/util/reflection/GenericMetadataSupport$TypeVarBoundedType
Event: 45.775 loading class org/mockito/internal/util/reflection/GenericMetadataSupport$TypeVarBoundedType done
Event: 45.779 loading class org/mockito/internal/stubbing/StubbedInvocationMatcher
Event: 45.779 loading class org/mockito/internal/stubbing/StubbedInvocationMatcher done
Event: 45.783 loading class org/mockito/internal/stubbing/ConsecutiveStubbing
Event: 45.783 loading class org/mockito/internal/stubbing/ConsecutiveStubbing done


Dynamic libraries:
0x00007ff64bda0000 - 0x00007ff64bde7000 	C:\Program Files\Java\jdk-11.0.6\bin\javaw.exe
0x00007ff971640000 - 0x00007ff971830000 	C:\Windows\SYSTEM32\ntdll.dll
0x00007ff971070000 - 0x00007ff971122000 	C:\Windows\System32\KERNEL32.DLL
0x00007ff96ebf0000 - 0x00007ff96ee93000 	C:\Windows\System32\KERNELBASE.dll
0x00007ff9706e0000 - 0x00007ff970783000 	C:\Windows\System32\ADVAPI32.dll
0x00007ff96f780000 - 0x00007ff96f81e000 	C:\Windows\System32\msvcrt.dll
0x00007ff971330000 - 0x00007ff9713c7000 	C:\Windows\System32\sechost.dll
0x00007ff971130000 - 0x00007ff971250000 	C:\Windows\System32\RPCRT4.dll
0x00007ff970c50000 - 0x00007ff970de4000 	C:\Windows\System32\USER32.dll
0x00007ff96ea70000 - 0x00007ff96ea91000 	C:\Windows\System32\win32u.dll
0x00007ff971300000 - 0x00007ff971326000 	C:\Windows\System32\GDI32.dll
0x00007ff96e850000 - 0x00007ff96e9e4000 	C:\Windows\System32\gdi32full.dll
0x00007ff96eb50000 - 0x00007ff96ebee000 	C:\Windows\System32\msvcp_win.dll
0x00007ff96e720000 - 0x00007ff96e81a000 	C:\Windows\System32\ucrtbase.dll
0x00007ff957d10000 - 0x00007ff957f95000 	C:\Windows\WinSxS\amd64_microsoft.windows.common-controls_6595b64144ccf1df_6.0.18362.592_none_e6c0b1911312be02\COMCTL32.dll
0x00007ff970910000 - 0x00007ff970c46000 	C:\Windows\System32\combase.dll
0x00007ff96e9f0000 - 0x00007ff96ea70000 	C:\Windows\System32\bcryptPrimitives.dll
0x00007ff96a400000 - 0x00007ff96a40a000 	C:\Windows\SYSTEM32\VERSION.dll
0x00007ff9712d0000 - 0x00007ff9712fe000 	C:\Windows\System32\IMM32.DLL
0x00007ff968660000 - 0x00007ff968676000 	C:\Program Files\Java\jdk-11.0.6\bin\vcruntime140.dll
0x00007ff94e990000 - 0x00007ff94ea3a000 	C:\Program Files\Java\jdk-11.0.6\bin\msvcp140.dll
0x00007ff9271c0000 - 0x00007ff927ce9000 	C:\Program Files\Java\jdk-11.0.6\bin\server\jvm.dll
0x00007ff96fd50000 - 0x00007ff96fd58000 	C:\Windows\System32\PSAPI.DLL
0x00007ff9688f0000 - 0x00007ff9688f9000 	C:\Windows\SYSTEM32\WSOCK32.dll
0x00007ff971590000 - 0x00007ff9715ff000 	C:\Windows\System32\WS2_32.dll
0x00007ff95a7c0000 - 0x00007ff95a7e4000 	C:\Windows\SYSTEM32\WINMM.dll
0x00007ff95a790000 - 0x00007ff95a7bd000 	C:\Windows\SYSTEM32\WINMMBASE.dll
0x00007ff96eec0000 - 0x00007ff96ef0a000 	C:\Windows\System32\cfgmgr32.dll
0x00007ff96e540000 - 0x00007ff96e551000 	C:\Windows\System32\kernel.appcore.dll
0x00007ff9635e0000 - 0x00007ff9635f1000 	C:\Program Files\Java\jdk-11.0.6\bin\verify.dll
0x00007ff969880000 - 0x00007ff969a74000 	C:\Windows\SYSTEM32\DBGHELP.DLL
0x00007ff969390000 - 0x00007ff9693ba000 	C:\Windows\SYSTEM32\dbgcore.DLL
0x00007ff953b00000 - 0x00007ff953b29000 	C:\Program Files\Java\jdk-11.0.6\bin\java.dll
0x00007ff965ba0000 - 0x00007ff965bd7000 	C:\Program Files\Java\jdk-11.0.6\bin\jdwp.dll
0x00007ff953650000 - 0x00007ff95367f000 	C:\Program Files\Java\jdk-11.0.6\bin\instrument.dll
0x00007ff961760000 - 0x00007ff961776000 	C:\Program Files\Java\jdk-11.0.6\bin\zip.dll
0x00007ff9688e0000 - 0x00007ff9688ea000 	C:\Program Files\Java\jdk-11.0.6\bin\jimage.dll
0x00007ff96ff70000 - 0x00007ff970655000 	C:\Windows\System32\SHELL32.dll
0x00007ff96fc90000 - 0x00007ff96fd39000 	C:\Windows\System32\shcore.dll
0x00007ff96ef10000 - 0x00007ff96f68f000 	C:\Windows\System32\windows.storage.dll
0x00007ff96e560000 - 0x00007ff96e57f000 	C:\Windows\System32\profapi.dll
0x00007ff96e580000 - 0x00007ff96e5ca000 	C:\Windows\System32\powrprof.dll
0x00007ff96e510000 - 0x00007ff96e520000 	C:\Windows\System32\UMPDC.dll
0x00007ff96fd70000 - 0x00007ff96fdc2000 	C:\Windows\System32\shlwapi.dll
0x00007ff96eea0000 - 0x00007ff96eeb7000 	C:\Windows\System32\cryptsp.dll
0x00007ff969d80000 - 0x00007ff969d8a000 	C:\Program Files\Java\jdk-11.0.6\bin\dt_socket.dll
0x00007ff96dd30000 - 0x00007ff96dd97000 	C:\Windows\System32\mswsock.dll
0x00007ff96da90000 - 0x00007ff96db5a000 	C:\Windows\SYSTEM32\DNSAPI.dll
0x00007ff96fd40000 - 0x00007ff96fd48000 	C:\Windows\System32\NSI.dll
0x00007ff96da50000 - 0x00007ff96da8a000 	C:\Windows\SYSTEM32\IPHLPAPI.DLL
0x00007ff96a350000 - 0x00007ff96a3c7000 	C:\Windows\System32\fwpuclnt.dll
0x00007ff96e820000 - 0x00007ff96e846000 	C:\Windows\System32\bcrypt.dll
0x00007ff968d30000 - 0x00007ff968d3a000 	C:\Windows\System32\rasadhlp.dll
0x00007ff957940000 - 0x00007ff957959000 	C:\Program Files\Java\jdk-11.0.6\bin\net.dll
0x00007ff968e50000 - 0x00007ff968f40000 	C:\Windows\SYSTEM32\WINHTTP.dll
0x00007ff953ae0000 - 0x00007ff953af3000 	C:\Program Files\Java\jdk-11.0.6\bin\nio.dll
0x00007ff968ac0000 - 0x00007ff968ac9000 	C:\Program Files\Java\jdk-11.0.6\bin\management.dll
0x00007ff9685d0000 - 0x00007ff9685dc000 	C:\Program Files\Java\jdk-11.0.6\bin\management_ext.dll
0x00007ff935380000 - 0x00007ff935396000 	C:\Windows\system32\napinsp.dll
0x00007ff935360000 - 0x00007ff93537a000 	C:\Windows\system32\pnrpnsp.dll
0x00007ff935350000 - 0x00007ff93535e000 	C:\Windows\System32\winrnr.dll
0x00007ff96ab30000 - 0x00007ff96ab4c000 	C:\Windows\system32\NLAapi.dll
0x00007ff96a570000 - 0x00007ff96a585000 	C:\Windows\system32\wshbth.dll
0x00007ff96d8b0000 - 0x00007ff96d8e3000 	C:\Windows\system32\rsaenh.dll
0x00007ff96e430000 - 0x00007ff96e455000 	C:\Windows\SYSTEM32\USERENV.dll
0x00007ff96deb0000 - 0x00007ff96debc000 	C:\Windows\SYSTEM32\CRYPTBASE.dll
0x00007ff96a8c0000 - 0x00007ff96a8d6000 	C:\Windows\SYSTEM32\dhcpcsvc6.DLL
0x00007ff96a890000 - 0x00007ff96a8ac000 	C:\Windows\SYSTEM32\dhcpcsvc.DLL
0x00007ff965950000 - 0x00007ff965977000 	C:\Program Files\Java\jdk-11.0.6\bin\sunec.dll

dbghelp: loaded successfully - version: 4.0.5 - missing functions: none
symbol engine: initialized successfully - sym options: 0x614 - pdb path: .;C:\Program Files\Java\jdk-11.0.6\bin;C:\Windows\SYSTEM32;C:\Windows\WinSxS\amd64_microsoft.windows.common-controls_6595b64144ccf1df_6.0.18362.592_none_e6c0b1911312be02;C:\Program Files\Java\jdk-11.0.6\bin\server

VM Arguments:
jvm_args: -agentlib:jdwp=transport=dt_socket,suspend=y,address=localhost:53097 -ea -javaagent:C:\spring-tool-suite-3.9.11.RELEASE-e4.14.0-win32-x86_64\sts-bundle\sts-3.9.11.RELEASE\configuration\org.eclipse.osgi\308\0\.cp\lib\javaagent-shaded.jar -Dfile.encoding=UTF-8 
java_command: org.eclipse.jdt.internal.junit.runner.RemoteTestRunner -version 3 -port 53094 -testLoaderClass org.eclipse.jdt.internal.junit5.runner.JUnit5TestLoader -loaderpluginname org.eclipse.jdt.junit5.runtime -test br.com.b2w.apistarwars.service.PlanetaServiceTest:testa_Insere
java_class_path (initial): H:\Users\Pedro\Documents\workspace-sts-3.9.11.RELEASE\apistarwars\target\test-classes;H:\Users\Pedro\Documents\workspace-sts-3.9.11.RELEASE\apistarwars\target\classes;C:\Users\Pedro\.m2\repository\org\springframework\boot\spring-boot-starter-web\2.2.4.RELEASE\spring-boot-starter-web-2.2.4.RELEASE.jar;C:\Users\Pedro\.m2\repository\org\springframework\boot\spring-boot-starter\2.2.4.RELEASE\spring-boot-starter-2.2.4.RELEASE.jar;C:\Users\Pedro\.m2\repository\org\springframework\boot\spring-boot-starter-logging\2.2.4.RELEASE\spring-boot-starter-logging-2.2.4.RELEASE.jar;C:\Users\Pedro\.m2\repository\ch\qos\logback\logback-classic\1.2.3\logback-classic-1.2.3.jar;C:\Users\Pedro\.m2\repository\ch\qos\logback\logback-core\1.2.3\logback-core-1.2.3.jar;C:\Users\Pedro\.m2\repository\org\apache\logging\log4j\log4j-to-slf4j\2.12.1\log4j-to-slf4j-2.12.1.jar;C:\Users\Pedro\.m2\repository\org\apache\logging\log4j\log4j-api\2.12.1\log4j-api-2.12.1.jar;C:\Users\Pedro\.m2\repository\org\slf4j\jul-to-slf4j\1.7.30\jul-to-slf4j-1.7.30.jar;C:\Users\Pedro\.m2\repository\jakarta\annotation\jakarta.annotation-api\1.3.5\jakarta.annotation-api-1.3.5.jar;C:\Users\Pedro\.m2\repository\org\yaml\snakeyaml\1.25\snakeyaml-1.25.jar;C:\Users\Pedro\.m2\repository\org\springframework\boot\spring-boot-starter-json\2.2.4.RELEASE\spring-boot-starter-json-2.2.4.RELEASE.jar;C:\Users\Pedro\.m2\repository\com\fasterxml\jackson\core\jackson-databind\2.10.2\jackson-databind-2.10.2.jar;C:\Users\Pedro\.m2\repository\com\fasterxml\jackson\core\jackson-annotations\2.10.2\jackson-annotations-2.10.2.jar;C:\Users\Pedro\.m2\repository\com\fasterxml\jackson\core\jackson-core\2.10.2\jackson-core-2.10.2.jar;C:\Users\Pedro\.m2\repository\com\fasterxml\jackson\datatype\jackson-datatype-jdk8\2.10.2\jackson-datatype-jdk8-2.10.2.jar;C:\Users\Pedro\.m2\repository\com\fasterxml\jackson\datatype\jackson-datatype-jsr310\2.10.2\jackson-datatype-jsr310-2.10.2.jar;C:\Users\Pedro\.m2\repository\com\fasterxml
Launcher Type: SUN_STANDARD

[Global flags]
     intx CICompilerCount                          = 3                                         {product} {ergonomic}
     uint ConcGCThreads                            = 1                                         {product} {ergonomic}
     uint G1ConcRefinementThreads                  = 4                                         {product} {ergonomic}
   size_t G1HeapRegionSize                         = 1048576                                   {product} {ergonomic}
    uintx GCDrainStackTargetSize                   = 64                                        {product} {ergonomic}
   size_t InitialHeapSize                          = 134217728                                 {product} {ergonomic}
   size_t MarkStackSize                            = 4194304                                   {product} {ergonomic}
   size_t MaxHeapSize                              = 2130706432                                {product} {ergonomic}
   size_t MaxNewSize                               = 1278214144                                {product} {ergonomic}
   size_t MinHeapDeltaBytes                        = 1048576                                   {product} {ergonomic}
    uintx NonNMethodCodeHeapSize                   = 5830732                                {pd product} {ergonomic}
    uintx NonProfiledCodeHeapSize                  = 122913754                              {pd product} {ergonomic}
    uintx ProfiledCodeHeapSize                     = 122913754                              {pd product} {ergonomic}
    uintx ReservedCodeCacheSize                    = 251658240                              {pd product} {ergonomic}
     bool SegmentedCodeCache                       = true                                      {product} {ergonomic}
     bool UseCompressedClassPointers               = true                                 {lp64_product} {ergonomic}
     bool UseCompressedOops                        = true                                 {lp64_product} {ergonomic}
     bool UseG1GC                                  = true                                      {product} {ergonomic}
     bool UseLargePagesIndividualAllocation        = false                                  {pd product} {ergonomic}

Logging:
Log output configuration:
 #0: stdout all=warning uptime,level,tags
 #1: stderr all=off uptime,level,tags

Environment Variables:
JAVA_HOME=C:\Program Files\Java\jdk-11.0.6
CLASSPATH=C:\Program Files\Java\jdk-11.0.6/lib
PATH=C:/Program Files/Java/jdk-11.0.6/bin/server;C:/Program Files/Java/jdk-11.0.6/bin;C:\Program Files\Java\jdk-11.0.6/bin;C:\Program Files\Docker\Docker\resources\bin;C:\ProgramData\DockerDesktop\version-bin;C:\Program Files\Git\cmd;C:\Program Files\Git\mingw64\bin;C:\Program Files\Git\usr\bin;C:\Users\Pedro\AppData\Local\Microsoft\WindowsApps;;C:\Users\Pedro\AppData\Local\Programs\Microsoft VS Code\bin;C:\spring-tool-suite-3.9.11.RELEASE-e4.14.0-win32-x86_64\sts-bundle\sts-3.9.11.RELEASE;
USERNAME=Pedro
OS=Windows_NT
PROCESSOR_IDENTIFIER=Intel64 Family 6 Model 158 Stepping 10, GenuineIntel



---------------  S Y S T E M  ---------------

OS: Windows 10 , 64 bit Build 18362 (10.0.18362.329)

CPU:total 4 (initial active 4) (4 cores per cpu, 1 threads per core) family 6 model 158 stepping 10, cmov, cx8, fxsr, mmx, sse, sse2, sse3, ssse3, sse4.1, sse4.2, popcnt, avx, avx2, aes, clmul, erms, 3dnowpref, lzcnt, tsc, tscinvbit, bmi1, bmi2, adx, fma

Memory: 4k page, system-wide physical 8127M (1134M free)
TotalPageFile size 14783M (AvailPageFile size 2264M)
current process WorkingSet (physical memory assigned to process): 279M, peak: 365M
current process commit charge ("private bytes"): 353M, peak: 438M

vm_info: Java HotSpot(TM) 64-Bit Server VM (11.0.6+8-LTS) for windows-amd64 JRE (11.0.6+8-LTS), built on Dec 11 2019 09:17:57 by "mach5one" with MS VC++ 15.5 (VS2017)

END.
